<?xml version="1.0" encoding="UTF-8"?>
<!-- Generated by org.testng.reporters.JUnitXMLReporter -->
<testsuite hostname="prakharagarwl01" ignored="3" name="Default test" tests="1" failures="0" timestamp="2021-07-05T21:18:58 IST" time="49.095" errors="0">
  <testcase name="validSearch" time="23.44" classname="tests.searchBusTicketTest"/>
  <testcase name="modifyTripDetails" time="0.0" classname="tests.searchBusTicketTest">
    <ignored/>
  </testcase> <!-- modifyTripDetails -->
  <testcase name="invalidSearchWithIncorrectDestination" time="0.0" classname="tests.searchBusTicketTest">
    <ignored/>
  </testcase> <!-- invalidSearchWithIncorrectDestination -->
  <testcase name="invalidSearchWithIncorrectSource" time="0.0" classname="tests.searchBusTicketTest">
    <ignored/>
  </testcase> <!-- invalidSearchWithIncorrectSource -->
</testsuite> <!-- Default test -->
