<?xml version="1.0" encoding="UTF-8"?>
<!-- Generated by org.testng.reporters.JUnitXMLReporter -->
<testsuite hostname="prakharagarwl01" ignored="8" name="Test" tests="28" failures="0" timestamp="2021-07-05T18:06:32 IST" time="673.487" errors="0">
  <testcase name="aboutUs" time="18.573" classname="tests.aboutRedbusTest"/>
  <testcase name="contactUs" time="13.583" classname="tests.aboutRedbusTest"/>
  <testcase name="redBusMobile" time="13.477" classname="tests.aboutRedbusTest"/>
  <testcase name="siteMap" time="13.784" classname="tests.aboutRedbusTest"/>
  <testcase name="offers" time="13.913" classname="tests.aboutRedbusTest"/>
  <testcase name="careers" time="13.413" classname="tests.aboutRedbusTest"/>
  <testcase name="values" time="13.441" classname="tests.aboutRedbusTest"/>
  <testcase name="busHireSiteFunctionality" time="12.151" classname="tests.busHireTest"/>
  <testcase name="myTripFunctionality" time="21.1" classname="tests.busHireTest"/>
  <testcase name="myCancellations" time="20.877" classname="tests.busHireTest"/>
  <testcase name="checkOffers" time="20.813" classname="tests.busHireTest"/>
  <testcase name="redBusCaresFunctionality" time="13.108" classname="tests.HomeFunctionalityTest"/>
  <testcase name="checkHelpOption" time="10.984" classname="tests.HomeFunctionalityTest"/>
  <testcase name="checkCancelTicket" time="7.687" classname="tests.HomeFunctionalityTest"/>
  <testcase name="checkRescheduleTicket" time="7.599" classname="tests.HomeFunctionalityTest"/>
  <testcase name="checkShowTicket" time="9.158" classname="tests.HomeFunctionalityTest"/>
  <testcase name="checkMailSMSTicket" time="7.703" classname="tests.HomeFunctionalityTest"/>
  <testcase name="validLogin" time="24.739" classname="tests.LoginTest"/>
  <testcase name="invalidLoginWithInvalidEmail" time="17.596" classname="tests.LoginTest"/>
  <testcase name="invalidLoginWithInvalidPassword" time="20.11" classname="tests.LoginTest"/>
  <testcase name="myTripTest" time="27.632" classname="tests.LoginTest"/>
  <testcase name="walletCardBalance" time="26.174" classname="tests.LoginTest"/>
  <testcase name="walletActivity" time="26.414" classname="tests.LoginTest"/>
  <testcase name="validSignout" time="29.326" classname="tests.LoginTest"/>
  <testcase name="validSearch" time="17.607" classname="tests.searchBusTicketTest"/>
  <testcase name="invalidSearchWithIncorrectDestination" time="14.983" classname="tests.searchBusTicketTest"/>
  <testcase name="invalidSearchWithIncorrectSource" time="15.249" classname="tests.searchBusTicketTest"/>
  <testcase name="modifyTripDetails" time="25.298" classname="tests.searchBusTicketTest"/>
  <testcase name="@BeforeTest setExtent" time="0.0" classname="tests.baseTest">
    <ignored/>
  </testcase> <!-- @BeforeTest setExtent -->
  <testcase name="@BeforeTest setExtent" time="0.0" classname="tests.baseTest">
    <ignored/>
  </testcase> <!-- @BeforeTest setExtent -->
  <testcase name="@BeforeTest setExtent" time="0.0" classname="tests.baseTest">
    <ignored/>
  </testcase> <!-- @BeforeTest setExtent -->
  <testcase name="@BeforeTest setExtent" time="0.0" classname="tests.baseTest">
    <ignored/>
  </testcase> <!-- @BeforeTest setExtent -->
  <testcase name="@AfterTest endReport" time="0.0" classname="tests.baseTest">
    <ignored/>
  </testcase> <!-- @AfterTest endReport -->
  <testcase name="@AfterTest endReport" time="0.0" classname="tests.baseTest">
    <ignored/>
  </testcase> <!-- @AfterTest endReport -->
  <testcase name="@AfterTest endReport" time="0.0" classname="tests.baseTest">
    <ignored/>
  </testcase> <!-- @AfterTest endReport -->
  <testcase name="@AfterTest endReport" time="0.0" classname="tests.baseTest">
    <ignored/>
  </testcase> <!-- @AfterTest endReport -->
</testsuite> <!-- Test -->
