<?xml version="1.0" encoding="UTF-8"?>
<!-- Generated by org.testng.reporters.JUnitXMLReporter -->
<testsuite hostname="prakharagarwl01" ignored="8" name="Test" tests="28" failures="0" timestamp="2021-07-05T18:23:32 IST" time="669.5" errors="0">
  <testcase name="aboutUs" time="18.958" classname="tests.aboutRedbusTest"/>
  <testcase name="contactUs" time="13.566" classname="tests.aboutRedbusTest"/>
  <testcase name="redBusMobile" time="13.668" classname="tests.aboutRedbusTest"/>
  <testcase name="siteMap" time="13.858" classname="tests.aboutRedbusTest"/>
  <testcase name="offers" time="13.54" classname="tests.aboutRedbusTest"/>
  <testcase name="careers" time="13.316" classname="tests.aboutRedbusTest"/>
  <testcase name="values" time="13.662" classname="tests.aboutRedbusTest"/>
  <testcase name="busHireSiteFunctionality" time="15.45" classname="tests.busHireTest"/>
  <testcase name="myTripFunctionality" time="22.704" classname="tests.busHireTest"/>
  <testcase name="myCancellations" time="22.56" classname="tests.busHireTest"/>
  <testcase name="checkOffers" time="21.309" classname="tests.busHireTest"/>
  <testcase name="redBusCaresFunctionality" time="13.301" classname="tests.HomeFunctionalityTest"/>
  <testcase name="checkHelpOption" time="8.942" classname="tests.HomeFunctionalityTest"/>
  <testcase name="checkCancelTicket" time="7.39" classname="tests.HomeFunctionalityTest"/>
  <testcase name="checkRescheduleTicket" time="7.307" classname="tests.HomeFunctionalityTest"/>
  <testcase name="checkShowTicket" time="7.107" classname="tests.HomeFunctionalityTest"/>
  <testcase name="checkMailSMSTicket" time="6.931" classname="tests.HomeFunctionalityTest"/>
  <testcase name="validLogin" time="23.38" classname="tests.LoginTest"/>
  <testcase name="invalidLoginWithInvalidEmail" time="17.724" classname="tests.LoginTest"/>
  <testcase name="invalidLoginWithInvalidPassword" time="22.596" classname="tests.LoginTest"/>
  <testcase name="myTripTest" time="26.306" classname="tests.LoginTest"/>
  <testcase name="walletCardBalance" time="30.987" classname="tests.LoginTest"/>
  <testcase name="walletActivity" time="26.958" classname="tests.LoginTest"/>
  <testcase name="validSignout" time="30.713" classname="tests.LoginTest"/>
  <testcase name="validSearch" time="17.404" classname="tests.searchBusTicketTest"/>
  <testcase name="invalidSearchWithIncorrectDestination" time="15.607" classname="tests.searchBusTicketTest"/>
  <testcase name="invalidSearchWithIncorrectSource" time="15.474" classname="tests.searchBusTicketTest"/>
  <testcase name="modifyTripDetails" time="26.056" classname="tests.searchBusTicketTest"/>
  <testcase name="@BeforeTest setExtent" time="0.0" classname="tests.baseTest">
    <ignored/>
  </testcase> <!-- @BeforeTest setExtent -->
  <testcase name="@BeforeTest setExtent" time="0.0" classname="tests.baseTest">
    <ignored/>
  </testcase> <!-- @BeforeTest setExtent -->
  <testcase name="@BeforeTest setExtent" time="0.0" classname="tests.baseTest">
    <ignored/>
  </testcase> <!-- @BeforeTest setExtent -->
  <testcase name="@BeforeTest setExtent" time="0.0" classname="tests.baseTest">
    <ignored/>
  </testcase> <!-- @BeforeTest setExtent -->
  <testcase name="@AfterTest endReport" time="0.0" classname="tests.baseTest">
    <ignored/>
  </testcase> <!-- @AfterTest endReport -->
  <testcase name="@AfterTest endReport" time="0.0" classname="tests.baseTest">
    <ignored/>
  </testcase> <!-- @AfterTest endReport -->
  <testcase name="@AfterTest endReport" time="0.0" classname="tests.baseTest">
    <ignored/>
  </testcase> <!-- @AfterTest endReport -->
  <testcase name="@AfterTest endReport" time="0.0" classname="tests.baseTest">
    <ignored/>
  </testcase> <!-- @AfterTest endReport -->
</testsuite> <!-- Test -->
